<?xml version="1.0" encoding="UTF-8" standalone="no"?>
<testsuite failures="1" name="cucumber.runtime.formatter.JUnitFormatter" skipped="0" tests="1" time="11.600789">
<testcase classname="Iniciar sesión en portal mercadeo" name="Validacion inicio sesion con credenciales correctas" time="11.600789">
<failure message="groovy.lang.MissingMethodException: No signature of method: static com.kms.katalon.core.webui.keyword.WebUiBuiltInKeywords.verifyElementPresent() is applicable for argument types: (java.lang.String, java.lang.Integer) values: [Object Repository/Vtn_InicioSesion/txt_Username, 3]&#10;Possible solutions: verifyElementPresent(com.kms.katalon.core.testobject.TestObject, int), verifyElementPresent(com.kms.katalon.core.testobject.TestObject, int, com.kms.katalon.core.model.FailureHandling), verifyElementNotPresent(com.kms.katalon.core.testobject.TestObject, int), verifyAlertPresent(int), verifyElementNotPresent(com.kms.katalon.core.testobject.TestObject, int, com.kms.katalon.core.model.FailureHandling)&#13;&#10;&#9;at login.LoginSteps.navegarPaginaInicioSesion(LoginSteps.groovy:56)&#13;&#10;&#9;at ✽.El usuario navega la pagina de inicio de sesion de mercadeo(C:/Users/dimartinez/Katalon Studio/Mercadeo_BDD/Include/features/Login.feature:25)&#13;&#10;"><![CDATA[Given El usuario navega la pagina de inicio de sesion de mercadeo...........failed
When ingresa usuario ldpappsl3 y contrasena r1vjgeft2cxJ7NAvIwi5jQ==........skipped
And Clic sobre el boton ingresar............................................skipped
Then el sistema verifica el status..........................................skipped

StackTrace:
groovy.lang.MissingMethodException: No signature of method: static com.kms.katalon.core.webui.keyword.WebUiBuiltInKeywords.verifyElementPresent() is applicable for argument types: (java.lang.String, java.lang.Integer) values: [Object Repository/Vtn_InicioSesion/txt_Username, 3]
Possible solutions: verifyElementPresent(com.kms.katalon.core.testobject.TestObject, int), verifyElementPresent(com.kms.katalon.core.testobject.TestObject, int, com.kms.katalon.core.model.FailureHandling), verifyElementNotPresent(com.kms.katalon.core.testobject.TestObject, int), verifyAlertPresent(int), verifyElementNotPresent(com.kms.katalon.core.testobject.TestObject, int, com.kms.katalon.core.model.FailureHandling)
	at login.LoginSteps.navegarPaginaInicioSesion(LoginSteps.groovy:56)
	at ✽.El usuario navega la pagina de inicio de sesion de mercadeo(C:/Users/dimartinez/Katalon Studio/Mercadeo_BDD/Include/features/Login.feature:25)
]]></failure>
</testcase>
</testsuite>
